<?xml version="1.0" encoding="UTF-8" ?>
<testsuite tests="7" failures="2" name="ristoranteTest" time="0.15" errors="0" skipped="0">
  <properties>
[...]
</properties>
  <testcase classname="ristoranteTest" name="ristoranteTest.testRemovepatt" time="0.018"/>
  <testcase classname="ristoranteTest" name="ristoranteTest.testGetordine" time="0.122">
    <failure message="expected: &lt;null&gt; but was: &lt;[]&gt;" type="org.opentest4j.AssertionFailedError">org.opentest4j.AssertionFailedError: expected: &lt;null&gt; but was: &lt;[]&gt;
	at org.junit.jupiter.api.AssertionUtils.fail(AssertionUtils.java:55)
	at org.junit.jupiter.api.AssertionUtils.failNotEqual(AssertionUtils.java:62)
	at org.junit.jupiter.api.AssertEquals.assertEquals(AssertEquals.java:182)
	at org.junit.jupiter.api.AssertEquals.assertEquals(AssertEquals.java:177)
	at org.junit.jupiter.api.Assertions.assertEquals(Assertions.java:1124)
	at ristoranteTest.testGetordine(ristoranteTest.java:63)
</failure>
    <system-out>getordine
</system-out>
  </testcase>
  <testcase classname="ristoranteTest" name="ristoranteTest.testAddpatt" time="0.001"/>
  <testcase classname="ristoranteTest" name="ristoranteTest.testSommagio" time="0.004"/>
  <testcase classname="ristoranteTest" name="ristoranteTest.testSetpiatti" time="0.001"/>
  <testcase classname="ristoranteTest" name="ristoranteTest.testSetordine" time="0"/>
  <testcase classname="ristoranteTest" name="ristoranteTest.testGetpiatti" time="0.004">
    <failure message="expected: &lt;null&gt; but was: &lt;[]&gt;" type="org.opentest4j.AssertionFailedError">org.opentest4j.AssertionFailedError: expected: &lt;null&gt; but was: &lt;[]&gt;
	at org.junit.jupiter.api.AssertionUtils.fail(AssertionUtils.java:55)
	at org.junit.jupiter.api.AssertionUtils.failNotEqual(AssertionUtils.java:62)
	at org.junit.jupiter.api.AssertEquals.assertEquals(AssertEquals.java:182)
	at org.junit.jupiter.api.AssertEquals.assertEquals(AssertEquals.java:177)
	at org.junit.jupiter.api.Assertions.assertEquals(Assertions.java:1124)
	at ristoranteTest.testGetpiatti(ristoranteTest.java:49)
</failure>
    <system-out>getpiatti
</system-out>
  </testcase>
</testsuite>